# JRE version: Java(TM) SE Runtime Environment (12.0.1+12) (build 12.0.1+12)
# Java VM: Java HotSpot(TM) 64-Bit Server VM (12.0.1+12, mixed mode, sharing, tiered, compressed oops, g1 gc, linux-amd64)
Heap:
 garbage-first heap   total 358400K, used 3557K [0x00000000c2400000, 0x0000000100000000)
  region size 1024K, 1 young (1024K), 1 survivors (1024K)
 Metaspace       used 10132K, capacity 11312K, committed 11392K, reserved 1058816K
  class space    used 942K, capacity 1130K, committed 1152K, reserved 1048576K
GC Heap History (10 events):
Event: 9.227 GC heap after
{Heap after GC invocations=12 (full 0):
 garbage-first heap   total 144384K, used 3452K [0x00000000c2400000, 0x0000000100000000)
  region size 1024K, 3 young (3072K), 3 survivors (3072K)
 Metaspace       used 10125K, capacity 11312K, committed 11392K, reserved 1058816K
  class space    used 942K, capacity 1130K, committed 1152K, reserved 1048576K
}
Event: 10.420 GC heap before
{Heap before GC invocations=12 (full 0):
 garbage-first heap   total 144384K, used 86396K [0x00000000c2400000, 0x0000000100000000)
  region size 1024K, 84 young (86016K), 3 survivors (3072K)
 Metaspace       used 10131K, capacity 11312K, committed 11392K, reserved 1058816K
  class space    used 942K, capacity 1130K, committed 1152K, reserved 1048576K
}
Event: 10.444 GC heap after
{Heap after GC invocations=13 (full 0):
 garbage-first heap   total 194560K, used 3463K [0x00000000c2400000, 0x0000000100000000)
  region size 1024K, 3 young (3072K), 3 survivors (3072K)
 Metaspace       used 10131K, capacity 11312K, committed 11392K, reserved 1058816K
  class space    used 942K, capacity 1130K, committed 1152K, reserved 1048576K
}
Event: 30.686 GC heap before
{Heap before GC invocations=13 (full 0):
 garbage-first heap   total 194560K, used 117127K [0x00000000c2400000, 0x0000000100000000)
  region size 1024K, 114 young (116736K), 3 survivors (3072K)
 Metaspace       used 10132K, capacity 11312K, committed 11392K, reserved 1058816K
  class space    used 942K, capacity 1130K, committed 1152K, reserved 1048576K
}
Event: 31.457 GC heap after
{Heap after GC invocations=14 (full 0):
 garbage-first heap   total 194560K, used 3465K [0x00000000c2400000, 0x0000000100000000)
  region size 1024K, 3 young (3072K), 3 survivors (3072K)
 Metaspace       used 10132K, capacity 11312K, committed 11392K, reserved 1058816K
  class space    used 942K, capacity 1130K, committed 1152K, reserved 1048576K
}
Event: 32.498 GC heap before
{Heap before GC invocations=14 (full 0):
 garbage-first heap   total 194560K, used 9609K [0x00000000c2400000, 0x0000000100000000)
  region size 1024K, 9 young (9216K), 3 survivors (3072K)
 Metaspace       used 10132K, capacity 11312K, committed 11392K, reserved 1058816K
  class space    used 942K, capacity 1130K, committed 1152K, reserved 1048576K
}
Event: 33.233 GC heap after
{Heap after GC invocations=15 (full 0):
 garbage-first heap   total 194560K, used 3695K [0x00000000c2400000, 0x0000000100000000)
  region size 1024K, 1 young (1024K), 1 survivors (1024K)
 Metaspace       used 10132K, capacity 11312K, committed 11392K, reserved 1058816K
  class space    used 942K, capacity 1130K, committed 1152K, reserved 1048576K
}
Event: 33.600 GC heap before
{Heap before GC invocations=15 (full 0):
 garbage-first heap   total 194560K, used 11887K [0x00000000c2400000, 0x0000000100000000)
  region size 1024K, 9 young (9216K), 1 survivors (1024K)
 Metaspace       used 10132K, capacity 11312K, committed 11392K, reserved 1058816K
  class space    used 942K, capacity 1130K, committed 1152K, reserved 1048576K
}
Event: 34.046 GC heap after
{Heap after GC invocations=16 (full 0):
 garbage-first heap   total 194560K, used 3569K [0x00000000c2400000, 0x0000000100000000)
  region size 1024K, 1 young (1024K), 1 survivors (1024K)
 Metaspace       used 10132K, capacity 11312K, committed 11392K, reserved 1058816K
  class space    used 942K, capacity 1130K, committed 1152K, reserved 1048576K
}
Event: 34.317 GC heap before
{Heap before GC invocations=16 (full 0):
 garbage-first heap   total 194560K, used 11761K [0x00000000c2400000, 0x0000000100000000)
  region size 1024K, 9 young (9216K), 1 survivors (1024K)
 Metaspace       used 10132K, capacity 11312K, committed 11392K, reserved 1058816K
  class space    used 942K, capacity 1130K, committed 1152K, reserved 1048576K
}

